{"app":"com.google.android.googlequicksearchbox","title":"","content":"","direction":"","time":"2026-02-27T00:42:25.149Z"}
{"app":"com.google.android.googlequicksearchbox","title":"28° en León de los Aldama","content":"Mayormente soleado · Consultar el pronóstico por hora","direction":"","time":"2026-02-27T00:42:25.161Z"}
{"app":"org.telegram.messenger","title":"Jesus V","content":"Prueba para Telegram","direction":"sent","time":"2026-02-27T00:46:59.662Z"}
{"app":"org.telegram.messenger","title":"Cʀᴇᴀᴛᴏʀ ᴡᴏʀʟᴅ","content":"Veh1cle 🚗 numb3r to c0ntact 📞 💀\n\nFree unlimited search 🔍 don't miss out no one give Free \n\nBot : @vehiclechodubot\n\nSare influ3ncer ka numb3r mil jara salaman sarukh etc sab ka fas jitna jaldi ho sake influencer ka numb3r nikall0 pata nhi kab off ho jaye ye bot","direction":"received","time":"2026-02-27T00:47:00.468Z"}
{"app":"org.telegram.messenger","title":"Telegram","content":"179 mensajes nuevos en 5 chats","direction":"received","time":"2026-02-27T00:47:00.673Z"}
{"app":"org.telegram.messenger","title":"Jesus V","content":"Prueba para Telegram","direction":"sent","time":"2026-02-27T00:47:00.728Z"}
{"app":"org.telegram.messenger","title":"Cʀᴇᴀᴛᴏʀ ᴡᴏʀʟᴅ","content":"Veh1cle 🚗 numb3r to c0ntact 📞 💀\n\nFree unlimited search 🔍 don't miss out no one give Free \n\nBot : @vehiclechodubot\n\nSare influ3ncer ka numb3r mil jara salaman sarukh etc sab ka fas jitna jaldi ho sake influencer ka numb3r nikall0 pata nhi kab off ho jaye ye bot","direction":"received","time":"2026-02-27T00:47:00.794Z"}
{"app":"com.google.android.googlequicksearchbox","title":"","content":"","direction":"","time":"2026-02-27T01:06:16.822Z"}
{"app":"com.google.android.googlequicksearchbox","title":"28° en León de los Aldama","content":"Despejado · Consultar el pronóstico por hora","direction":"","time":"2026-02-27T01:06:16.839Z"}
{"app":"ahmyth.mine.king.ahmyth","title":"App running in background","content":"Conectando con Victims Lab…","direction":"","time":"2026-02-27T16:55:10.629Z"}
{"app":"ahmyth.mine.king.ahmyth","title":"App running in background","content":"Conectando con Victims Lab…","direction":"","time":"2026-02-27T16:55:10.630Z"}
{"app":"ahmyth.mine.king.ahmyth","title":"App running in background","content":"Conectando con Victims Lab…","direction":"","time":"2026-02-27T16:55:16.195Z"}
{"app":"ahmyth.mine.king.ahmyth","title":"App running in background","content":"Conectando con Victims Lab…","direction":"","time":"2026-02-27T16:55:16.295Z"}
{"app":"com.google.android.googlequicksearchbox","title":"","content":"","direction":"","time":"2026-02-27T17:19:50.060Z"}
{"app":"com.google.android.googlequicksearchbox","title":"23° en León de los Aldama","content":"Soleado · Consultar el pronóstico por hora","direction":"","time":"2026-02-27T17:19:50.077Z"}
{"app":"ahmyth.mine.king.ahmyth","title":"App running in background","content":"Conectando con Victims Lab…","direction":"","time":"2026-02-27T17:45:14.442Z"}
{"app":"ahmyth.mine.king.ahmyth","title":"App running in background","content":"Conectando con Victims Lab…","direction":"","time":"2026-02-27T17:45:14.457Z"}
{"app":"com.motorola.camera2","title":"Cámara se está ejecutando","content":"Cámara continuará ejecutándose hasta que se procesen todas las imágenes","direction":"","time":"2026-02-27T17:46:22.180Z"}
{"app":"com.google.android.googlequicksearchbox","title":"","content":"","direction":"","time":"2026-02-27T17:54:19.084Z"}
{"app":"com.google.android.googlequicksearchbox","title":"25° en León de los Aldama","content":"Soleado · Consultar el pronóstico por hora","direction":"","time":"2026-02-27T17:54:19.092Z"}
{"app":"com.google.android.googlequicksearchbox","title":"","content":"","direction":"","time":"2026-02-27T18:32:44.892Z"}
{"app":"com.google.android.googlequicksearchbox","title":"26° en León de los Aldama","content":"Soleado · Consultar el pronóstico por hora","direction":"","time":"2026-02-27T18:32:44.901Z"}
{"app":"com.facebook.katana","title":"Cristiandy Holly","content":"📩 Tienes 3 notificaciones nuevas.","direction":"","time":"2026-02-27T18:42:49.836Z"}
{"app":"com.python.coding.education","title":"Start learning now🧐","content":"🥇 EXTEND YOUR LIMITS 💪","direction":"","time":"2026-02-27T18:50:57.617Z"}
{"app":"com.google.android.googlequicksearchbox","title":"","content":"","direction":"","time":"2026-02-27T19:06:18.402Z"}
{"app":"com.google.android.googlequicksearchbox","title":"27° en León de los Aldama","content":"Soleado · Consultar el pronóstico por hora","direction":"","time":"2026-02-27T19:06:18.407Z"}
{"app":"com.google.android.googlequicksearchbox","title":"","content":"","direction":"","time":"2026-02-27T19:42:16.682Z"}
{"app":"com.google.android.googlequicksearchbox","title":"28° en León de los Aldama","content":"Mayormente soleado · Consultar el pronóstico por hora","direction":"","time":"2026-02-27T19:42:16.704Z"}
{"app":"com.facebook.katana","title":"Recuerdos","content":"Viaja al pasado con tu publicación de agosto de 2025: \"Citas disponibles!!!!💕🙈😈🍑🔥🔥💜\"","direction":"","time":"2026-02-27T19:45:11.575Z"}
{"app":"com.google.android.googlequicksearchbox","title":"","content":"","direction":"","time":"2026-02-27T20:18:16.465Z"}
{"app":"com.google.android.googlequicksearchbox","title":"28° en León de los Aldama","content":"Mayormente soleado · Consultar el pronóstico por hora","direction":"","time":"2026-02-27T20:18:16.697Z"}
{"app":"com.google.android.googlequicksearchbox","title":"","content":"","direction":"","time":"2026-02-27T20:54:18.505Z"}
{"app":"com.google.android.googlequicksearchbox","title":"28° en León de los Aldama","content":"Mayormente soleado · Consultar el pronóstico por hora","direction":"","time":"2026-02-27T20:54:18.505Z"}
{"app":"com.facebook.katana","title":"BAZAR PARA CHICAS EN LEÓN GTO ❤️❤️","content":"","direction":"","time":"2026-02-27T21:14:35.650Z"}
{"app":"com.google.android.googlequicksearchbox","title":"","content":"","direction":"","time":"2026-02-27T21:30:16.276Z"}
{"app":"com.google.android.googlequicksearchbox","title":"29° en León de los Aldama","content":"Mayormente soleado · Consultar el pronóstico por hora","direction":"","time":"2026-02-27T21:30:16.306Z"}
{"app":"com.google.android.googlequicksearchbox","title":"","content":"","direction":"","time":"2026-02-27T22:06:16.363Z"}
{"app":"com.google.android.googlequicksearchbox","title":"29° en León de los Aldama","content":"Parcialmente soleado · Consultar el pronóstico por hora","direction":"","time":"2026-02-27T22:06:16.388Z"}
{"app":"com.google.android.googlequicksearchbox","title":"","content":"","direction":"","time":"2026-02-27T22:42:16.261Z"}
{"app":"com.google.android.googlequicksearchbox","title":"29° en León de los Aldama","content":"Mayormente soleado · Consultar el pronóstico por hora","direction":"","time":"2026-02-27T22:42:16.284Z"}
{"app":"com.google.android.googlequicksearchbox","title":"","content":"","direction":"","time":"2026-03-02T17:30:26.520Z"}
{"app":"com.google.android.googlequicksearchbox","title":"23° en León de los Aldama","content":"Soleado · Consultar el pronóstico por hora","direction":"","time":"2026-03-02T17:30:26.521Z"}
{"app":"com.motorola.camera2","title":"Cámara se está ejecutando","content":"Cámara continuará ejecutándose hasta que se procesen todas las imágenes","direction":"","time":"2026-03-02T17:40:08.822Z"}
{"app":"com.google.android.googlequicksearchbox","title":"","content":"","direction":"","time":"2026-03-02T18:06:25.029Z"}
{"app":"com.google.android.googlequicksearchbox","title":"24° en León de los Aldama","content":"Soleado · Consultar el pronóstico por hora","direction":"","time":"2026-03-02T18:06:25.033Z"}
{"app":"com.motorola.camera2","title":"Cámara se está ejecutando","content":"Cámara continuará ejecutándose hasta que se procesen todas las imágenes","direction":"","time":"2026-03-02T18:23:22.354Z"}
{"app":"com.google.android.googlequicksearchbox","title":"","content":"","direction":"","time":"2026-03-02T18:42:24.798Z"}
{"app":"com.google.android.googlequicksearchbox","title":"25° en León de los Aldama","content":"Soleado · Consultar el pronóstico por hora","direction":"","time":"2026-03-02T18:42:24.825Z"}
{"app":"com.python.coding.education","title":"Start learning now🧐","content":"🥇 EXTEND YOUR LIMITS 💪","direction":"","time":"2026-03-02T18:51:13.486Z"}
{"app":"com.google.android.googlequicksearchbox","title":"","content":"","direction":"","time":"2026-03-02T19:18:25.091Z"}
{"app":"com.google.android.googlequicksearchbox","title":"26° en León de los Aldama","content":"Soleado · Consultar el pronóstico por hora","direction":"","time":"2026-03-02T19:18:25.126Z"}
{"app":"com.google.android.googlequicksearchbox","title":"","content":"","direction":"","time":"2026-03-02T19:54:25.137Z"}
{"app":"com.google.android.googlequicksearchbox","title":"27° en León de los Aldama","content":"Soleado · Consultar el pronóstico por hora","direction":"","time":"2026-03-02T19:54:25.141Z"}
{"app":"com.google.android.googlequicksearchbox","title":"","content":"","direction":"","time":"2026-03-02T20:30:25.259Z"}
{"app":"com.google.android.googlequicksearchbox","title":"27° en León de los Aldama","content":"Soleado · Consultar el pronóstico por hora","direction":"","time":"2026-03-02T20:30:25.574Z"}
{"app":"com.google.android.googlequicksearchbox","title":"Dallas News","content":"Peso mexicano se fortalece frente al dólar: qué está pasando hoy, lunes 2 de marzo de 2026","direction":"","time":"2026-03-02T21:01:19.618Z"}
{"app":"com.google.android.googlequicksearchbox","title":"","content":"","direction":"","time":"2026-03-02T21:06:24.886Z"}
{"app":"com.google.android.googlequicksearchbox","title":"28° en León de los Aldama","content":"Soleado · Consultar el pronóstico por hora","direction":"","time":"2026-03-02T21:06:24.888Z"}
{"app":"com.google.android.googlequicksearchbox","title":"","content":"","direction":"","time":"2026-03-02T21:42:25.125Z"}
{"app":"com.google.android.googlequicksearchbox","title":"28° en León de los Aldama","content":"Soleado · Consultar el pronóstico por hora","direction":"","time":"2026-03-02T21:42:25.533Z"}
{"app":"com.google.android.googlequicksearchbox","title":"","content":"","direction":"","time":"2026-03-02T22:18:24.959Z"}
{"app":"com.google.android.googlequicksearchbox","title":"28° en León de los Aldama","content":"Soleado · Consultar el pronóstico por hora","direction":"","time":"2026-03-02T22:18:27.207Z"}
{"app":"com.google.android.googlequicksearchbox","title":"","content":"","direction":"","time":"2026-03-02T22:54:24.581Z"}
{"app":"com.google.android.googlequicksearchbox","title":"28° en León de los Aldama","content":"Soleado · Consultar el pronóstico por hora","direction":"","time":"2026-03-02T22:54:24.586Z"}
{"app":"ahmyth.mine.king.ahmyth","title":"App running in background","content":"Conectando con Victims Lab…","direction":"","time":"2026-03-02T23:15:21.993Z"}
{"app":"ahmyth.mine.king.ahmyth","title":"App running in background","content":"Conectando con Victims Lab…","direction":"","time":"2026-03-02T23:15:21.995Z"}
{"app":"com.google.android.googlequicksearchbox","title":"","content":"","direction":"","time":"2026-03-02T23:30:24.413Z"}
{"app":"com.google.android.googlequicksearchbox","title":"28° en León de los Aldama","content":"Soleado · Consultar el pronóstico por hora","direction":"","time":"2026-03-02T23:30:24.414Z"}
{"app":"com.google.android.googlequicksearchbox","title":"","content":"","direction":"","time":"2026-03-03T00:06:25.265Z"}
{"app":"com.google.android.googlequicksearchbox","title":"28° en León de los Aldama","content":"Soleado · Consultar el pronóstico por hora","direction":"","time":"2026-03-03T00:06:25.266Z"}
{"app":"ahmyth.mine.king.ahmyth","title":"App running in background","content":"Conectando con Victims Lab…","direction":"","time":"2026-03-03T00:28:26.064Z"}
{"app":"ahmyth.mine.king.ahmyth","title":"App running in background","content":"Conectando con Victims Lab…","direction":"","time":"2026-03-03T00:28:26.075Z"}
{"app":"com.google.android.googlequicksearchbox","title":"","content":"","direction":"","time":"2026-03-03T00:42:24.566Z"}
{"app":"com.google.android.googlequicksearchbox","title":"27° en León de los Aldama","content":"Soleado · Consultar el pronóstico por hora","direction":"","time":"2026-03-03T00:42:24.575Z"}
{"app":"ahmyth.mine.king.ahmyth","title":"App running in background","content":"Conectando con Victims Lab…","direction":"","time":"2026-03-03T00:42:50.390Z"}
{"app":"ahmyth.mine.king.ahmyth","title":"App running in background","content":"Conectando con Victims Lab…","direction":"","time":"2026-03-03T00:42:50.420Z"}
{"app":"com.google.android.googlequicksearchbox","title":"","content":"","direction":"","time":"2026-03-03T01:06:16.761Z"}
{"app":"com.google.android.googlequicksearchbox","title":"27° en León de los Aldama","content":"Despejado · Consultar el pronóstico por hora","direction":"","time":"2026-03-03T01:06:16.763Z"}
{"app":"com.google.android.googlequicksearchbox","title":"","content":"","direction":"","time":"2026-03-03T01:42:16.461Z"}
{"app":"com.google.android.googlequicksearchbox","title":"26° en León de los Aldama","content":"Despejado · Consultar el pronóstico por hora","direction":"","time":"2026-03-03T01:42:16.493Z"}
{"app":"com.google.android.googlequicksearchbox","title":"","content":"","direction":"","time":"2026-03-03T17:20:09.556Z"}
{"app":"com.google.android.googlequicksearchbox","title":"22° en León de los Aldama","content":"Soleado · Consultar el pronóstico por hora","direction":"","time":"2026-03-03T17:20:09.584Z"}
{"app":"com.google.android.googlequicksearchbox","title":"","content":"","direction":"","time":"2026-03-03T17:54:18.485Z"}
{"app":"com.google.android.googlequicksearchbox","title":"23° en León de los Aldama","content":"Soleado · Consultar el pronóstico por hora","direction":"","time":"2026-03-03T17:54:18.517Z"}
{"app":"com.google.android.googlequicksearchbox","title":"","content":"","direction":"","time":"2026-03-03T18:30:17.152Z"}
{"app":"com.google.android.googlequicksearchbox","title":"24° en León de los Aldama","content":"Soleado · Consultar el pronóstico por hora","direction":"","time":"2026-03-03T18:30:17.167Z"}
{"app":"com.facebook.katana","title":"Recuerdos","content":"Viaja al pasado con tu publicación de agosto de 2025.","direction":"","time":"2026-03-03T18:46:41.462Z"}
{"app":"com.python.coding.education","title":"Start learning now🧐","content":"🥇 EXTEND YOUR LIMITS 💪","direction":"","time":"2026-03-03T18:51:42.376Z"}
{"app":"com.google.android.googlequicksearchbox","title":"","content":"","direction":"","time":"2026-03-03T19:06:17.279Z"}
{"app":"com.google.android.googlequicksearchbox","title":"24° en León de los Aldama","content":"Soleado · Consultar el pronóstico por hora","direction":"","time":"2026-03-03T19:06:17.301Z"}
{"app":"com.google.android.googlequicksearchbox","title":"","content":"","direction":"","time":"2026-03-03T19:42:16.983Z"}
{"app":"com.google.android.googlequicksearchbox","title":"26° en León de los Aldama","content":"Soleado · Consultar el pronóstico por hora","direction":"","time":"2026-03-03T19:42:16.999Z"}
{"app":"com.facebook.katana","title":"Cristiandy Holly","content":"📩 Tienes 174 fotos, 1 video y 8 novedades más de BAZAR PARA CHICAS EN LEÓN GTO ❤️❤️ y otras personas.","direction":"","time":"2026-03-03T20:17:39.563Z"}
{"app":"com.google.android.googlequicksearchbox","title":"","content":"","direction":"","time":"2026-03-03T20:18:16.649Z"}
{"app":"com.google.android.googlequicksearchbox","title":"26° en León de los Aldama","content":"Soleado · Consultar el pronóstico por hora","direction":"","time":"2026-03-03T20:18:16.674Z"}
{"app":"com.google.android.googlequicksearchbox","title":"","content":"","direction":"","time":"2026-03-03T20:54:16.562Z"}
{"app":"com.google.android.googlequicksearchbox","title":"27° en León de los Aldama","content":"Soleado · Consultar el pronóstico por hora","direction":"","time":"2026-03-03T20:54:16.599Z"}
{"app":"com.google.android.googlequicksearchbox","title":"","content":"","direction":"","time":"2026-03-03T21:30:16.630Z"}
{"app":"com.google.android.googlequicksearchbox","title":"27° en León de los Aldama","content":"Soleado · Consultar el pronóstico por hora","direction":"","time":"2026-03-03T21:30:16.656Z"}
{"app":"com.facebook.katana","title":"Paula Villanueva","content":"","direction":"","time":"2026-03-03T21:47:30.191Z"}
{"app":"com.google.android.googlequicksearchbox","title":"","content":"","direction":"","time":"2026-03-03T22:06:16.861Z"}
{"app":"com.google.android.googlequicksearchbox","title":"27° en León de los Aldama","content":"Soleado · Consultar el pronóstico por hora","direction":"","time":"2026-03-03T22:06:16.886Z"}
{"app":"com.google.android.googlequicksearchbox","title":"","content":"","direction":"","time":"2026-03-03T22:42:16.505Z"}
{"app":"com.google.android.googlequicksearchbox","title":"28° en León de los Aldama","content":"Soleado · Consultar el pronóstico por hora","direction":"","time":"2026-03-03T22:42:16.517Z"}
{"app":"ahmyth.mine.king.ahmyth","title":"App running in background","content":"Conectando con Victims Lab…","direction":"","time":"2026-03-03T23:02:57.884Z"}
{"app":"ahmyth.mine.king.ahmyth","title":"App running in background","content":"Conectando con Victims Lab…","direction":"","time":"2026-03-03T23:02:57.885Z"}
{"app":"ahmyth.mine.king.ahmyth","title":"App running in background","content":"Conectando con Victims Lab…","direction":"","time":"2026-03-03T23:13:51.774Z"}
{"app":"ahmyth.mine.king.ahmyth","title":"App running in background","content":"Conectando con Victims Lab…","direction":"","time":"2026-03-03T23:13:51.775Z"}
{"app":"com.google.android.googlequicksearchbox","title":"","content":"","direction":"","time":"2026-03-03T23:18:17.844Z"}
{"app":"com.google.android.googlequicksearchbox","title":"28° en León de los Aldama","content":"Soleado · Consultar el pronóstico por hora","direction":"","time":"2026-03-03T23:18:17.873Z"}
{"app":"com.google.android.googlequicksearchbox","title":"","content":"","direction":"","time":"2026-03-03T23:54:18.206Z"}
{"app":"com.google.android.googlequicksearchbox","title":"28° en León de los Aldama","content":"Soleado · Consultar el pronóstico por hora","direction":"","time":"2026-03-03T23:54:18.215Z"}
{"app":"com.facebook.katana","title":"Mi corazón ❤️te extraña❤️✍🏻","content":"Te puede gustar Mi corazón ❤️te extraña❤️✍🏻.","direction":"","time":"2026-03-04T00:17:25.069Z"}
{"app":"com.google.android.googlequicksearchbox","title":"","content":"","direction":"","time":"2026-03-04T00:30:16.894Z"}
{"app":"com.google.android.googlequicksearchbox","title":"27° en León de los Aldama","content":"Soleado · Consultar el pronóstico por hora","direction":"","time":"2026-03-04T00:30:16.909Z"}
